-- The C compiler identification is GNU 7.5.0
-- The CXX compiler identification is GNU 7.5.0
-- Check for working C compiler: /usr/bin/cc
-- Check for working C compiler: /usr/bin/cc -- works
-- Detecting C compiler ABI info
-- Detecting C compiler ABI info - done
-- Detecting C compile features
-- Detecting C compile features - done
-- Check for working CXX compiler: /usr/bin/c++
-- Check for working CXX compiler: /usr/bin/c++ -- works
-- Detecting CXX compiler ABI info
-- Detecting CXX compiler ABI info - done
-- Detecting CXX compile features
-- Detecting CXX compile features - done
-- Looking for pthread.h
-- Looking for pthread.h - found
-- Looking for pthread_create
-- Looking for pthread_create - not found
-- Looking for pthread_create in pthreads
-- Looking for pthread_create in pthreads - not found
-- Looking for pthread_create in pthread
-- Looking for pthread_create in pthread - found
-- Found Threads: TRUE  
-- Found Torch: /home/tianxin/libtorch/libtorch/lib/libtorch.so  
-- Configuring done
-- Generating done
-- Build files have been written to: /home/tianxin/self/code/tx_cpp/DeepLearning/mnist/build
Scanning dependencies of target mnist
[ 50%] Building CXX object CMakeFiles/mnist.dir/mnist.cpp.o
CMakeFiles/mnist.dir/build.make:62: recipe for target 'CMakeFiles/mnist.dir/mnist.cpp.o' failed
CMakeFiles/Makefile2:67: recipe for target 'CMakeFiles/mnist.dir/all' failed
Makefile:83: recipe for target 'all' failed
